<?xml version="1.0" encoding="UTF-8"?>
<!-- Generated by org.testng.reporters.JUnitXMLReporter -->
<testsuite hostname="IN5CG9292KLF" ignored="2" name="HomeLoan" tests="6" failures="0" timestamp="2019-10-13T18:25:27 IST" time="0.119" errors="0">
  <testcase name="mobileHomeLoan" time="0.014" classname="TestNGTu.DemoClass3"/>
  <testcase name="demoTestngThree" time="0.024" classname="TestNGTu.DemoClass2"/>
  <testcase name="demoTestngOne" time="0.023" classname="TestNGTu.DemoClass1"/>
  <testcase name="mobileSignInHomeLoan" time="0.005" classname="TestNGTu.DemoClass3"/>
  <testcase name="demoTestngtwo" time="0.008" classname="TestNGTu.DemoClass1"/>
  <testcase name="mobileSignOutHomeLoan" time="0.007" classname="TestNGTu.DemoClass3"/>
  <testcase name="APIHomeLoan" time="0.0" classname="TestNGTu.DemoClass3">
    <ignored/>
  </testcase> <!-- APIHomeLoan -->
  <testcase name="webHomeLoan" time="0.0" classname="TestNGTu.DemoClass3">
    <ignored/>
  </testcase> <!-- webHomeLoan -->
</testsuite> <!-- HomeLoan -->
