<?xml version="1.0" encoding="UTF-8"?>
<!-- Generated by org.testng.reporters.JUnitXMLReporter -->
<testsuite hostname="IN5CG9292KLF" ignored="0" name="Test" tests="2" failures="1" timestamp="2019-10-13T17:57:56 IST" time="0.065" errors="0">
  <testcase name="demoTestngOne" time="0.015" classname="TestNGTu.DemoClass7">
    <failure type="java.lang.AssertionError" message="did not expect to find [true] but found [false]">
      <![CDATA[java.lang.AssertionError: did not expect to find [true] but found [false]
at TestNGTu.DemoClass7.demoTestngOne(DemoClass7.java:15)
at java.util.ArrayList.forEach(Unknown Source)
... Removed 31 stack frames]]>
    </failure>
  </testcase> <!-- demoTestngOne -->
  <testcase name="demoTestngtwo" time="0.002" classname="TestNGTu.DemoClass7"/>
</testsuite> <!-- Test -->
