<?xml version="1.0" encoding="UTF-8"?>
<!-- Generated by org.testng.reporters.JUnitXMLReporter -->
<testsuite hostname="IN5CG9292KLF" ignored="2" name="Test222" tests="4" failures="0" timestamp="2019-11-05T15:16:51 IST" time="0.015" errors="0">
  <testcase name="NamasakarTest3" time="0.001" classname="TestNGTu.DemoClass6"/>
  <testcase name="NamasakarTest4" time="0.001" classname="TestNGTu.DemoClass6"/>
  <testcase name="NamasakarTest1" time="0.001" classname="TestNGTu.DemoClass6"/>
  <testcase name="NamasakarTest2" time="0.002" classname="TestNGTu.DemoClass6"/>
  <testcase name="NamasakarTest5" time="0.0" classname="TestNGTu.DemoClass6">
    <ignored/>
  </testcase> <!-- NamasakarTest5 -->
  <testcase name="NamasakarTest0" time="0.0" classname="TestNGTu.DemoClass6">
    <ignored/>
  </testcase> <!-- NamasakarTest0 -->
</testsuite> <!-- Test222 -->
