<?xml version="1.0" encoding="UTF-8"?>
<!-- Generated by org.testng.reporters.JUnitXMLReporter -->
<testsuite hostname="IN5CG9292KLF" ignored="2" name="Test111" tests="4" failures="1" timestamp="2019-11-05T15:16:51 IST" time="0.086" errors="0">
  <testcase name="byeTest3" time="0.014" classname="TestNGTu.DemoClass5"/>
  <testcase name="byeTest4" time="0.002" classname="TestNGTu.DemoClass5"/>
  <testcase name="byeTest0" time="0.0" classname="TestNGTu.DemoClass5">
    <failure type="org.testng.TestNGException" message="
Cannot inject @Test annotated Method [byeTest0] with [class java.lang.String].
For more information on native dependency injection please refer to http://testng.org/doc/documentation-main.html#native-dependency-injection">
      <![CDATA[org.testng.TestNGException: 
Cannot inject @Test annotated Method [byeTest0] with [class java.lang.String].
For more information on native dependency injection please refer to http://testng.org/doc/documentation-main.html#native-dependency-injection
at java.util.ArrayList.forEach(Unknown Source)
... Removed 26 stack frames]]>
    </failure>
  </testcase> <!-- byeTest0 -->
  <testcase name="byeTest2" time="0.002" classname="TestNGTu.DemoClass5"/>
  <testcase name="byeTest1" time="0.0" classname="TestNGTu.DemoClass5">
    <ignored/>
  </testcase> <!-- byeTest1 -->
  <testcase name="byeTest5" time="0.0" classname="TestNGTu.DemoClass5">
    <ignored/>
  </testcase> <!-- byeTest5 -->
</testsuite> <!-- Test111 -->
